[NX Daemon Server] - 2024-11-15T09:33:33.761Z - Started listening on: \\.\pipe\nx\C:\Users\oswal\AppData\Local\Temp\0183278f42d89007ff06\d.sock
[NX Daemon Server] - 2024-11-15T09:33:33.766Z - [WATCHER]: Subscribed to changes within: d:\frontend\goeko (native)
[NX Daemon Server] - 2024-11-15T09:33:33.774Z - Established a connection. Number of open connections: 1
[NX Daemon Server] - 2024-11-15T09:33:33.776Z - Closed a connection. Number of open connections: 0
[NX Daemon Server] - 2024-11-15T09:33:33.776Z - Established a connection. Number of open connections: 1
[NX Daemon Server] - 2024-11-15T09:33:33.780Z - [REQUEST]: Client Request for Project Graph Received
[NX Daemon Server] - 2024-11-15T09:33:34.284Z - [REQUEST]: Updated workspace context based on watched changes, recomputing project graph...
[NX Daemon Server] - 2024-11-15T09:33:34.284Z - [REQUEST]: 
[NX Daemon Server] - 2024-11-15T09:33:34.284Z - [REQUEST]: 
[NX Daemon Server] - 2024-11-15T09:33:34.302Z - Time taken for 'loadNxPlugins' 496.9134ms
[NX Daemon Server] - 2024-11-15T09:33:34.350Z - Time taken for 'build-project-configs' 21.226499999999987ms
[NX Daemon Server] - 2024-11-15T09:33:36.133Z - [SYNC]: collect registered sync generators
[NX Daemon Server] - 2024-11-15T09:33:36.136Z - [REQUEST]: Responding to the client. project-graph
[NX Daemon Server] - 2024-11-15T09:33:36.137Z - Time taken for 'total for creating and serializing project graph' 2355.9521ms
[NX Daemon Server] - 2024-11-15T09:33:36.137Z - Done responding to the client project-graph
[NX Daemon Server] - 2024-11-15T09:33:36.137Z - Handled REQUEST_PROJECT_GRAPH. Handling time: 2356. Response time: 1.
[NX Daemon Server] - 2024-11-15T09:33:36.147Z - [REQUEST]: Responding to the client. handleContextFileData
[NX Daemon Server] - 2024-11-15T09:33:36.148Z - Done responding to the client handleContextFileData
[NX Daemon Server] - 2024-11-15T09:33:36.148Z - Handled GET_CONTEXT_FILE_DATA. Handling time: 4. Response time: 1.
[NX Daemon Server] - 2024-11-15T09:33:36.157Z - Closed a connection. Number of open connections: 0
[NX Daemon Server] - 2024-11-15T09:33:36.781Z - Established a connection. Number of open connections: 1
[NX Daemon Server] - 2024-11-15T09:33:36.781Z - Closed a connection. Number of open connections: 0
[NX Daemon Server] - 2024-11-15T09:33:36.783Z - Established a connection. Number of open connections: 1
[NX Daemon Server] - 2024-11-15T09:33:36.787Z - [REQUEST]: Client Request for Project Graph Received
[NX Daemon Server] - 2024-11-15T09:33:36.788Z - [REQUEST]: Responding to the client. project-graph
[NX Daemon Server] - 2024-11-15T09:33:36.788Z - Time taken for 'total for creating and serializing project graph' 0.765400000000227ms
[NX Daemon Server] - 2024-11-15T09:33:36.788Z - Done responding to the client project-graph
[NX Daemon Server] - 2024-11-15T09:33:36.788Z - Handled REQUEST_PROJECT_GRAPH. Handling time: 1. Response time: 0.
[NX Daemon Server] - 2024-11-15T09:33:37.038Z - [REQUEST]: Responding to the client. handleHashTasks
[NX Daemon Server] - 2024-11-15T09:33:37.038Z - Done responding to the client handleHashTasks
[NX Daemon Server] - 2024-11-15T09:33:37.038Z - Handled HASH_TASKS. Handling time: 6. Response time: 0.
[NX Daemon Server] - 2024-11-15T09:33:37.372Z - [REQUEST]: Responding to the client. handleGetEstimatedTaskTimings
[NX Daemon Server] - 2024-11-15T09:33:37.373Z - Done responding to the client handleGetEstimatedTaskTimings
[NX Daemon Server] - 2024-11-15T09:33:37.373Z - Handled GET_ESTIMATED_TASK_TIMINGS. Handling time: 4. Response time: 1.
[NX Daemon Server] - 2024-11-15T09:33:38.931Z - Established a connection. Number of open connections: 2
[NX Daemon Server] - 2024-11-15T09:33:38.932Z - Closed a connection. Number of open connections: 1
[NX Daemon Server] - 2024-11-15T09:33:38.934Z - Established a connection. Number of open connections: 2
[NX Daemon Server] - 2024-11-15T09:33:38.940Z - [REQUEST]: Client Request for Project Graph Received
[NX Daemon Server] - 2024-11-15T09:33:38.941Z - [REQUEST]: Responding to the client. project-graph
[NX Daemon Server] - 2024-11-15T09:33:38.941Z - Time taken for 'total for creating and serializing project graph' 0.5460000000002765ms
[NX Daemon Server] - 2024-11-15T09:33:38.941Z - Done responding to the client project-graph
[NX Daemon Server] - 2024-11-15T09:33:38.941Z - Handled REQUEST_PROJECT_GRAPH. Handling time: 1. Response time: 0.
[NX Daemon Server] - 2024-11-15T09:33:55.754Z - [WATCHER]: Processing file changes in outputs
[NX Daemon Server] - 2024-11-15T09:33:55.814Z - [WATCHER]: Processing file changes in outputs
[NX Daemon Server] - 2024-11-15T09:33:55.974Z - [WATCHER]: Processing file changes in outputs
[NX Daemon Server] - 2024-11-15T09:33:56.034Z - [WATCHER]: Processing file changes in outputs
[NX Daemon Server] - 2024-11-15T09:34:02.310Z - [WATCHER]: Processing file changes in outputs
[NX Daemon Server] - 2024-11-15T09:34:02.313Z - [WATCHER]: .gitignore was modified
[NX Daemon Server] - 2024-11-15T09:34:02.313Z - Closed a connection. Number of open connections: 1
[NX Daemon Server] - 2024-11-15T09:34:02.314Z - Closed a connection. Number of open connections: 0
[NX Daemon Server] - 2024-11-15T09:34:02.314Z - [WATCHER]: Stopping the watcher for d:\frontend\goeko (sources)
[NX Daemon Server] - 2024-11-15T09:34:02.314Z - [WATCHER]: Stopping the watcher for d:\frontend\goeko (outputs)
[NX Daemon Server] - 2024-11-15T09:34:02.317Z - Server stopped because: "Stopping the daemon the set of ignored files changed (native)"
[NX Daemon Server] - 2024-11-15T09:34:03.787Z - Started listening on: \\.\pipe\nx\C:\Users\oswal\AppData\Local\Temp\0183278f42d89007ff06\d.sock
[NX Daemon Server] - 2024-11-15T09:34:03.791Z - [WATCHER]: Subscribed to changes within: d:\frontend\goeko (native)
[NX Daemon Server] - 2024-11-15T09:34:03.793Z - Established a connection. Number of open connections: 1
[NX Daemon Server] - 2024-11-15T09:34:03.798Z - Closed a connection. Number of open connections: 0
[NX Daemon Server] - 2024-11-15T09:34:03.799Z - Established a connection. Number of open connections: 1
[NX Daemon Server] - 2024-11-15T09:34:03.803Z - [REQUEST]: Client Request for Project Graph Received
[NX Daemon Server] - 2024-11-15T09:34:04.144Z - [REQUEST]: Updated workspace context based on watched changes, recomputing project graph...
[NX Daemon Server] - 2024-11-15T09:34:04.144Z - [REQUEST]: 
[NX Daemon Server] - 2024-11-15T09:34:04.144Z - [REQUEST]: 
[NX Daemon Server] - 2024-11-15T09:34:04.152Z - Time taken for 'loadNxPlugins' 337.7435ms
[NX Daemon Server] - 2024-11-15T09:34:04.181Z - Time taken for 'build-project-configs' 11.619400000000041ms
[NX Daemon Server] - 2024-11-15T09:34:04.191Z - [SYNC]: collect registered sync generators
[NX Daemon Server] - 2024-11-15T09:34:04.191Z - [REQUEST]: Responding to the client. project-graph
[NX Daemon Server] - 2024-11-15T09:34:04.192Z - Time taken for 'total for creating and serializing project graph' 388.72529999999995ms
[NX Daemon Server] - 2024-11-15T09:34:04.192Z - Done responding to the client project-graph
[NX Daemon Server] - 2024-11-15T09:34:04.192Z - Handled REQUEST_PROJECT_GRAPH. Handling time: 388. Response time: 1.
[NX Daemon Server] - 2024-11-15T09:34:04.195Z - [REQUEST]: Responding to the client. handleContextFileData
[NX Daemon Server] - 2024-11-15T09:34:04.196Z - Done responding to the client handleContextFileData
[NX Daemon Server] - 2024-11-15T09:34:04.196Z - Handled GET_CONTEXT_FILE_DATA. Handling time: 1. Response time: 1.
[NX Daemon Server] - 2024-11-15T09:34:04.198Z - Closed a connection. Number of open connections: 0
